#
# There is insufficient memory for the Java Runtime Environment to continue.
# Native memory allocation (mmap) failed to map 1073741824 bytes for Failed to commit area from 0x00000000c0000000 to 0x0000000100000000 of length 1073741824.
# Possible reasons:
#   The system is out of physical RAM or swap space
#   The process is running with CompressedOops enabled, and the Java Heap may be blocking the growth of the native heap
# Possible solutions:
#   Reduce memory load on the system
#   Increase physical memory or swap space
#   Check if swap backing store is full
#   Decrease Java heap size (-Xmx/-Xms)
#   Decrease number of Java threads
#   Decrease Java thread stack sizes (-Xss)
#   Set larger code cache with -XX:ReservedCodeCacheSize=
# This output file may be truncated or incomplete.
#
#  Out of Memory Error (./src/hotspot/os/windows/os_windows.cpp:3301), pid=21412, tid=19972
#
# JRE version:  (11.0.11+9) (build )
# Java VM: OpenJDK 64-Bit Server VM (11.0.11+9-b1341.60, mixed mode, sharing, tiered, compressed oops, g1 gc, windows-amd64)
# No core dump will be written. Minidumps are not enabled by default on client versions of Windows
#

---------------  S U M M A R Y ------------

Command Line: -Djava.rmi.server.hostname=127.0.0.1 -Duser.timezone=UTC -Xmx1024m -Xms1024m -Dfile.encoding=UTF-8 com.intellij.database.remote.RemoteJdbcServer com.mysql.cj.jdbc.Driver

Host: Intel(R) Core(TM) i7-8750H CPU @ 2.20GHz, 12 cores, 23G,  Windows 10 , 64 bit Build 22538 (10.0.22538.1000)
Time: Sun Jan 23 23:58:13 2022 中国标准时间 elapsed time: 0.027885 seconds (0d 0h 0m 0s)

---------------  T H R E A D  ---------------

Current thread (0x000001ec95ffd000):  JavaThread "Unknown thread" [_thread_in_vm, id=19972, stack(0x0000009488600000,0x0000009488700000)]

Stack: [0x0000009488600000,0x0000009488700000]
Native frames: (J=compiled Java code, j=interpreted, Vv=VM code, C=native code)
V  [jvm.dll+0x5f5c8a]
V  [jvm.dll+0x779405]
V  [jvm.dll+0x77aa1d]
V  [jvm.dll+0x77b0d3]
V  [jvm.dll+0x244bc8]
V  [jvm.dll+0x5f3084]
V  [jvm.dll+0x5e7fe5]
V  [jvm.dll+0x30098b]
V  [jvm.dll+0x3008fa]
V  [jvm.dll+0x3007d2]
V  [jvm.dll+0x3056b6]
V  [jvm.dll+0x34e353]
V  [jvm.dll+0x34ea56]
V  [jvm.dll+0x34e453]
V  [jvm.dll+0x2db398]
V  [jvm.dll+0x2dc547]
V  [jvm.dll+0x757bf7]
V  [jvm.dll+0x7593ec]
V  [jvm.dll+0x35b8d9]
V  [jvm.dll+0x73b38e]
V  [jvm.dll+0x3c3cc3]
V  [jvm.dll+0x3c60e1]
C  [jli.dll+0x5373]
C  [ucrtbase.dll+0x293cc]
C  [KERNEL32.DLL+0x11350]
C  [ntdll.dll+0x51e78]


---------------  P R O C E S S  ---------------

Threads class SMR info:
_java_thread_list=0x000001ec95df01c0, length=0, elements={
}

Java Threads: ( => current thread )

Other Threads:
  0x000001ec96017000 GCTaskThread "GC Thread#0" [stack: 0x0000009488700000,0x0000009488800000] [id=14596]
  0x000001ec96034800 ConcurrentGCThread "G1 Main Marker" [stack: 0x0000009488800000,0x0000009488900000] [id=9196]
  0x000001ec96036000 ConcurrentGCThread "G1 Conc#0" [stack: 0x0000009488900000,0x0000009488a00000] [id=21560]

[error occurred during error reporting (printing all threads), id 0xc0000005, EXCEPTION_ACCESS_VIOLATION (0xc0000005) at pc=0x00007ffa48a9b9f7]

VM state:not at safepoint (not fully initialized)

VM Mutex/Monitor currently owned by a thread:  ([mutex/lock_event])
[0x000001ec95ff8270] Heap_lock - owner thread: 0x000001ec95ffd000

Heap address: 0x00000000c0000000, size: 1024 MB, Compressed Oops mode: Non-zero based: 0x00000000c0000000
Narrow klass base: 0x0000000000000000, Narrow klass shift: 0

GC Heap History (0 events):
No events

Deoptimization events (0 events):
No events

Classes redefined (0 events):
No events

Internal exceptions (0 events):
No events

Events (1 events):
Event: 0.020 Loaded shared library E:\idea\IntelliJ IDEA 2020.3\jbr\bin\zip.dll


Dynamic libraries:
0x00007ff6e5030000 - 0x00007ff6e503a000 	E:\idea\IntelliJ IDEA 2020.3\jbr\bin\java.exe
0x00007ffab2ea0000 - 0x00007ffab30af000 	C:\WINDOWS\SYSTEM32\ntdll.dll
0x00007ffab2470000 - 0x00007ffab252d000 	C:\WINDOWS\System32\KERNEL32.DLL
0x00007ffab0500000 - 0x00007ffab0893000 	C:\WINDOWS\System32\KERNELBASE.dll
0x00007ffaad810000 - 0x00007ffaad8a3000 	C:\WINDOWS\SYSTEM32\apphelp.dll
0x00007ffab0a80000 - 0x00007ffab0b91000 	C:\WINDOWS\System32\ucrtbase.dll
0x00007ffa99750000 - 0x00007ffa99767000 	E:\idea\IntelliJ IDEA 2020.3\jbr\bin\VCRUNTIME140.dll
0x00007ffa999d0000 - 0x00007ffa999e9000 	E:\idea\IntelliJ IDEA 2020.3\jbr\bin\jli.dll
0x00007ffab1b00000 - 0x00007ffab1caa000 	C:\WINDOWS\System32\USER32.dll
0x00007ffab0c40000 - 0x00007ffab0c66000 	C:\WINDOWS\System32\win32u.dll
0x00007ffab1060000 - 0x00007ffab1089000 	C:\WINDOWS\System32\GDI32.dll
0x00007ffa9f670000 - 0x00007ffa9f911000 	C:\WINDOWS\WinSxS\amd64_microsoft.windows.common-controls_6595b64144ccf1df_6.0.22538.1000_none_28c1e1652686b6b3\COMCTL32.dll
0x00007ffab0960000 - 0x00007ffab0a76000 	C:\WINDOWS\System32\gdi32full.dll
0x00007ffab1a50000 - 0x00007ffab1af4000 	C:\WINDOWS\System32\msvcrt.dll
0x00007ffab0ba0000 - 0x00007ffab0c3a000 	C:\WINDOWS\System32\msvcp_win.dll
0x00007ffab2750000 - 0x00007ffab2781000 	C:\WINDOWS\System32\IMM32.DLL
0x00007ffa7cc30000 - 0x00007ffa7cccd000 	E:\idea\IntelliJ IDEA 2020.3\jbr\bin\msvcp140.dll
0x00007ffa487b0000 - 0x00007ffa492f9000 	E:\idea\IntelliJ IDEA 2020.3\jbr\bin\server\jvm.dll
0x00007ffab2640000 - 0x00007ffab26ee000 	C:\WINDOWS\System32\ADVAPI32.dll
0x00007ffab27a0000 - 0x00007ffab2845000 	C:\WINDOWS\System32\sechost.dll
0x00007ffab2b30000 - 0x00007ffab2c4f000 	C:\WINDOWS\System32\RPCRT4.dll
0x00007ffab2c60000 - 0x00007ffab2c68000 	C:\WINDOWS\System32\PSAPI.DLL
0x00007ffaa8e90000 - 0x00007ffaa8ec4000 	C:\WINDOWS\SYSTEM32\WINMM.dll
0x00007ffaa6240000 - 0x00007ffaa624a000 	C:\WINDOWS\SYSTEM32\VERSION.dll
0x00007ffa9a3c0000 - 0x00007ffa9a3c9000 	C:\WINDOWS\SYSTEM32\WSOCK32.dll
0x00007ffab2c80000 - 0x00007ffab2cf1000 	C:\WINDOWS\System32\WS2_32.dll
0x00007ffaaf460000 - 0x00007ffaaf477000 	C:\WINDOWS\SYSTEM32\kernel.appcore.dll
0x00007ffaaaba0000 - 0x00007ffaaabb1000 	E:\idea\IntelliJ IDEA 2020.3\jbr\bin\verify.dll
0x00007ffa96770000 - 0x00007ffa96994000 	C:\WINDOWS\SYSTEM32\DBGHELP.DLL
0x00007ffab16d0000 - 0x00007ffab1a4c000 	C:\WINDOWS\System32\combase.dll
0x00007ffab2a50000 - 0x00007ffab2b27000 	C:\WINDOWS\System32\OLEAUT32.dll
0x00007ffa9e530000 - 0x00007ffa9e561000 	C:\WINDOWS\SYSTEM32\dbgcore.DLL
0x00007ffab0c70000 - 0x00007ffab0ceb000 	C:\WINDOWS\System32\bcryptPrimitives.dll
0x00007ffaa91b0000 - 0x00007ffaa91d9000 	E:\idea\IntelliJ IDEA 2020.3\jbr\bin\java.dll
0x00007ffaabe50000 - 0x00007ffaabe5b000 	E:\idea\IntelliJ IDEA 2020.3\jbr\bin\jimage.dll
0x00007ffaa9d60000 - 0x00007ffaa9d78000 	E:\idea\IntelliJ IDEA 2020.3\jbr\bin\zip.dll

dbghelp: loaded successfully - version: 4.0.5 - missing functions: none
symbol engine: initialized successfully - sym options: 0x614 - pdb path: .;E:\idea\IntelliJ IDEA 2020.3\jbr\bin;C:\WINDOWS\SYSTEM32;C:\WINDOWS\WinSxS\amd64_microsoft.windows.common-controls_6595b64144ccf1df_6.0.22538.1000_none_28c1e1652686b6b3;E:\idea\IntelliJ IDEA 2020.3\jbr\bin\server

VM Arguments:
jvm_args: -Djava.rmi.server.hostname=127.0.0.1 -Duser.timezone=UTC -Xmx1024m -Xms1024m -Dfile.encoding=UTF-8 
java_command: com.intellij.database.remote.RemoteJdbcServer com.mysql.cj.jdbc.Driver
java_class_path (initial): E:\idea\IntelliJ IDEA 2020.3\lib\util.jar;E:\idea\IntelliJ IDEA 2020.3\lib\trove4j.jar;E:\idea\IntelliJ IDEA 2020.3\lib\groovy-2.5.11.jar;E:\idea\IntelliJ IDEA 2020.3\plugins\DatabaseTools\lib\jdbc-console.jar;C:\Users\Administrator\AppData\Roaming\JetBrains\IntelliJIdea2021.1\jdbc-drivers\MySQL ConnectorJ\8.0.25\mysql-connector-java-8.0.25.jar
Launcher Type: SUN_STANDARD

[Global flags]
     intx CICompilerCount                          = 4                                         {product} {ergonomic}
     uint ConcGCThreads                            = 3                                         {product} {ergonomic}
     uint G1ConcRefinementThreads                  = 10                                        {product} {ergonomic}
   size_t G1HeapRegionSize                         = 1048576                                   {product} {ergonomic}
    uintx GCDrainStackTargetSize                   = 64                                        {product} {ergonomic}
   size_t InitialHeapSize                          = 1073741824                                {product} {command line}
   size_t MarkStackSize                            = 4194304                                   {product} {ergonomic}
   size_t MaxHeapSize                              = 1073741824                                {product} {command line}
   size_t MinHeapDeltaBytes                        = 1048576                                   {product} {ergonomic}
    uintx NonNMethodCodeHeapSize                   = 5836300                                {pd product} {ergonomic}
    uintx NonProfiledCodeHeapSize                  = 122910970                              {pd product} {ergonomic}
    uintx ProfiledCodeHeapSize                     = 122910970                              {pd product} {ergonomic}
    uintx ReservedCodeCacheSize                    = 251658240                              {pd product} {ergonomic}
     bool SegmentedCodeCache                       = true                                      {product} {ergonomic}
     bool UseCompressedClassPointers               = true                                 {lp64_product} {ergonomic}
     bool UseCompressedOops                        = true                                 {lp64_product} {ergonomic}
     bool UseG1GC                                  = true                                      {product} {ergonomic}
     bool UseLargePagesIndividualAllocation        = false                                  {pd product} {ergonomic}

Logging:
Log output configuration:
 #0: stdout all=warning uptime,level,tags
 #1: stderr all=off uptime,level,tags

Environment Variables:
JAVA_HOME=C:\Program Files\Java\jdk1.8.0_261
CLASSPATH=.;C:\Program Files\Java\jdk1.8.0_261\lib\dt.jar;C:\Program Files\Java\jdk1.8.0_261\lib\tools.jar
PATH=C:\Python39\Scripts\;C:\Python39\;C:\Program Files\Microsoft MPI\Bin\;C:\Program Files (x86)\Intel\Intel(R) Management Engine Components\iCLS\;C:\Program Files\Intel\Intel(R) Management Engine Components\iCLS\;C:\Windows\system32;C:\Windows;C:\Windows\System32\Wbem;C:\Windows\System32\WindowsPowerShell\v1.0\;C:\Program Files\Microsoft SQL Server\130\Tools\Binn\;C:\Program Files (x86)\GtkSharp\2.12\bin;C:\Program Files (x86)\Intel\Intel(R) Management Engine Components\DAL;C:\Program Files\Intel\Intel(R) Management Engine Components\DAL;C:\Program Files (x86)\Intel\Intel(R) Management Engine Components\IPT;C:\Program Files\Intel\Intel(R) Management Engine Components\IPT;C:\Program Files (x86)\NVIDIA Corporation\PhysX\Common;C:\Program Files (x86)\Tesseract-OCR;C:\Users\Administrator\AppData\Local\Android\Sdk\platform-tools;C:\Users\Administrator\AppData\Local\Programs\Python\Python37-32;C:\Users\Administrator\AppData\Local\Programs\Python\Python37-32\Scripts;E:\phantomjs-2.1.1-windows\bin;C:\Users\Administrator\AppData\Local\Android\Sdk\tools;D:\Program Files\Nox\bin;C:\Users\Administrator\Downloads\mysql-8.0.22-winx64\bin;C:\Program Files\Java\jdk1.8.0_261\bin;G:\xshell7\;C:\Users\Administrator\Downloads\RedisDownnLoad;C:\ProgramData\chocolatey\bin;F:\download\Xman\;E:\idea\IntelliJ IDEA 2020.3\plugins\maven\lib\maven3\bin;E:\BaiduNetdiskDownload\nexus\nexus-3.9.0-01\bin;C:\Program Files\Intel\WiFi\bin\;C:\Program Files\Common Files\Intel\WirelessCommon\;F:\nodejs\;F:\nodejs\node_global;F:\nodejs\node_global\bin;C:\Program Files\Git\cmd;C:\WINDOWS\system32;C:\WINDOWS;C:\WINDOWS\System32\Wbem;C:\WINDOWS\System32\WindowsPowerShell\v1.0\;C:\WINDOWS\System32\OpenSSH\;C:\Program Files\Docker\Docker\resources\bin;C:\ProgramData\DockerDesktop\version-bin;C:\Users\Administrator\.cargo\bin;C:\Users\Administrator\AppData\Local\Programs\Python\Python37-32\Scripts\;C:\Users\Administrator\AppData\Local\Programs\Python\Python37-32\;C:\Users\Administrator\AppData\Local\Microsoft\
USERNAME=Administrator
OS=Windows_NT
PROCESSOR_IDENTIFIER=Intel64 Family 6 Model 158 Stepping 10, GenuineIntel



---------------  S Y S T E M  ---------------

OS: Windows 10 , 64 bit Build 22538 (10.0.22538.1000)
OS uptime: 0 days 11:46 hours
Hyper-V role detected

CPU:total 12 (initial active 12) (6 cores per cpu, 2 threads per core) family 6 model 158 stepping 10 microcode 0xde, cmov, cx8, fxsr, mmx, sse, sse2, sse3, ssse3, sse4.1, sse4.2, popcnt, avx, avx2, aes, clmul, erms, 3dnowpref, lzcnt, ht, tsc, tscinvbit, bmi1, bmi2, adx, fma

Memory: 4k page, system-wide physical 24434M (6233M free)
TotalPageFile size 36611M (AvailPageFile size 531M)
current process WorkingSet (physical memory assigned to process): 12M, peak: 12M
current process commit charge ("private bytes"): 63M, peak: 1087M

vm_info: OpenJDK 64-Bit Server VM (11.0.11+9-b1341.60) for windows-amd64 JRE (11.0.11+9-b1341.60), built on Jun  4 2021 08:17:54 by "" with MS VC++ 14.0 (VS2015)

END.
